<?xml version="1.0" encoding="UTF-8"?>
<!-- Generated by org.testng.reporters.JUnitReportReporter -->
<testsuite hostname="LAPTOP-166GD89A" failures="0" tests="1" name="com.testLayer.LoginpageTest" time="11.661" errors="0" timestamp="2022-10-31T16:40:17 IST" skipped="0">
  <testcase classname="com.testLayer.LoginpageTest" name="verifyLoginTest" time="11.661"/>
  <system-out/>
</testsuite> <!-- com.testLayer.LoginpageTest -->
