<?xml version="1.0" encoding="UTF-8"?>
<!-- Generated by org.testng.reporters.JUnitReportReporter -->
<testsuite hostname="DESKTOP-1CCS179" failures="0" tests="1" name="com.testLayer.BuyScenerio" time="20.964" errors="0" timestamp="2022-10-23T09:51:32 IST" skipped="0">
  <testcase classname="com.testLayer.BuyScenerio" name="buyShare" time="20.964"/>
  <system-out/>
</testsuite> <!-- com.testLayer.BuyScenerio -->
